App Code/app/build/intermediates/manifest_merge_blame_file/debug/manifest-merger-blame-debug-report.txt
1<?xml version="1.0" encoding="utf-8"?>
2<!-- suppress AndroidDomInspection -->
3<manifest xmlns:android="http://schemas.android.com/apk/res/android"
4    package="pdf.pdftool"
5    android:versionCode="1"
6    android:versionName="1.0" >
7
8    <uses-sdk
9        android:minSdkVersion="21"
9-->src\main\AndroidManifest.xml
10        android:targetSdkVersion="29" />
10-->src\main\AndroidManifest.xml
11
12    <uses-permission android:name="android.permission.WRITE_EXTERNAL_STORAGE" />
12-->src\main\AndroidManifest.xml:6:5-81
12-->src\main\AndroidManifest.xml:6:22-78
13    <uses-permission android:name="android.permission.READ_EXTERNAL_STORAGE" />
13-->src\main\AndroidManifest.xml:7:5-80
13-->src\main\AndroidManifest.xml:7:22-77
14
15    <uses-feature android:name="android.hardware.camera" />
15-->src\main\AndroidManifest.xml:9:5-60
15-->src\main\AndroidManifest.xml:9:19-57
16    <uses-feature
16-->src\main\AndroidManifest.xml:10:5-12:36
17        android:name="android.hardware.camera.autofocus"
17-->src\main\AndroidManifest.xml:11:9-57
18        android:required="false" />
18-->src\main\AndroidManifest.xml:12:9-33
19
20    <uses-permission android:name="android.permission.CAMERA" />
20-->src\main\AndroidManifest.xml:14:5-65
20-->src\main\AndroidManifest.xml:14:22-62
21
22    <uses-feature
22-->[com.journeyapps:zxing-android-embedded:3.4.0] AndroidManifest.xml:27:5-29:36
23        android:name="android.hardware.camera.front"
23-->[com.journeyapps:zxing-android-embedded:3.4.0] AndroidManifest.xml:28:9-53
24        android:required="false" />
24-->[com.journeyapps:zxing-android-embedded:3.4.0] AndroidManifest.xml:29:9-33
25    <uses-feature
25-->[com.journeyapps:zxing-android-embedded:3.4.0] AndroidManifest.xml:35:5-37:36
26        android:name="android.hardware.camera.flash"
26-->[com.journeyapps:zxing-android-embedded:3.4.0] AndroidManifest.xml:36:9-53
27        android:required="false" />
27-->[com.journeyapps:zxing-android-embedded:3.4.0] AndroidManifest.xml:37:9-33
28    <uses-feature
28-->[com.journeyapps:zxing-android-embedded:3.4.0] AndroidManifest.xml:38:5-40:36
29        android:name="android.hardware.screen.landscape"
29-->[com.journeyapps:zxing-android-embedded:3.4.0] AndroidManifest.xml:39:9-57
30        android:required="false" />
30-->[com.journeyapps:zxing-android-embedded:3.4.0] AndroidManifest.xml:40:9-33
31    <uses-feature
31-->[com.journeyapps:zxing-android-embedded:3.4.0] AndroidManifest.xml:41:5-43:36
32        android:name="android.hardware.wifi"
32-->[com.journeyapps:zxing-android-embedded:3.4.0] AndroidManifest.xml:42:9-45
33        android:required="false" />
33-->[com.journeyapps:zxing-android-embedded:3.4.0] AndroidManifest.xml:43:9-33
34
35    <uses-permission android:name="android.permission.INTERNET" />
35-->[com.facebook.android:audience-network-sdk:5.11.0] AndroidManifest.xml:11:5-67
35-->[com.facebook.android:audience-network-sdk:5.11.0] AndroidManifest.xml:11:22-64
36    <uses-permission android:name="android.permission.ACCESS_NETWORK_STATE" />
36-->[com.facebook.android:audience-network-sdk:5.11.0] AndroidManifest.xml:12:5-79
36-->[com.facebook.android:audience-network-sdk:5.11.0] AndroidManifest.xml:12:22-76
37    <uses-permission android:name="android.permission.WAKE_LOCK" />
37-->[com.google.android.gms:play-services-measurement-sdk-api:17.2.0] AndroidManifest.xml:25:5-68
37-->[com.google.android.gms:play-services-measurement-sdk-api:17.2.0] AndroidManifest.xml:25:22-65
38
39    <application
39-->src\main\AndroidManifest.xml:16:5-84:19
40        android:name="pdf.pdftool.util.PDFApplication"
40-->src\main\AndroidManifest.xml:17:9-44
41        android:allowBackup="true"
41-->src\main\AndroidManifest.xml:18:9-35
42        android:appComponentFactory="androidx.core.app.CoreComponentFactory"
42-->[androidx.core:core:1.3.0] AndroidManifest.xml:24:18-86
43        android:debuggable="true"
44        android:fullBackupContent="@xml/backup_descriptor"
44-->src\main\AndroidManifest.xml:19:9-59
45        android:hardwareAccelerated="true"
45-->src\main\AndroidManifest.xml:20:9-43
46        android:icon="@drawable/app_icon"
46-->src\main\AndroidManifest.xml:21:9-42
47        android:label="@string/app_name"
47-->src\main\AndroidManifest.xml:22:9-41
48        android:largeHeap="true"
48-->src\main\AndroidManifest.xml:24:9-33
49        android:requestLegacyExternalStorage="true"
49-->src\main\AndroidManifest.xml:25:9-52
50        android:roundIcon="@drawable/ic_launcher_round"
50-->src\main\AndroidManifest.xml:23:9-56
51        android:supportsRtl="true"
51-->src\main\AndroidManifest.xml:26:9-35
52        android:testOnly="true"
53        android:theme="@style/AppThemeWhite" >
53-->src\main\AndroidManifest.xml:27:9-45
54
55        <!-- Sample AdMob App ID: ca-app-pub-3940256099942544~3347511713 -->
56        <meta-data
56-->src\main\AndroidManifest.xml:30:9-32:51
57            android:name="com.google.android.gms.ads.APPLICATION_ID"
57-->src\main\AndroidManifest.xml:31:13-69
58            android:value="@string/Admob_app_id" />
58-->src\main\AndroidManifest.xml:32:13-49
59
60        <activity
60-->src\main\AndroidManifest.xml:34:9-36:59
61            android:name="com.theartofdev.edmodo.cropper.CropImageActivity"
61-->src\main\AndroidManifest.xml:35:13-76
62            android:theme="@style/Base.Theme.AppCompat" />
62-->src\main\AndroidManifest.xml:36:13-56
63        <activity
63-->src\main\AndroidManifest.xml:37:9-63:20
64            android:name="pdf.pdftool.activity.MainActivity"
64-->src\main\AndroidManifest.xml:38:13-61
65            android:label="@string/app_name"
65-->src\main\AndroidManifest.xml:39:13-45
66            android:screenOrientation="portrait"
66-->src\main\AndroidManifest.xml:40:13-49
67            android:windowSoftInputMode="adjustPan" >
67-->src\main\AndroidManifest.xml:41:13-52
68            <intent-filter>
68-->src\main\AndroidManifest.xml:42:13-46:29
69                <action android:name="android.intent.action.MAIN" />
69-->src\main\AndroidManifest.xml:43:17-69
69-->src\main\AndroidManifest.xml:43:25-66
70
71                <category android:name="android.intent.category.LAUNCHER" />
71-->src\main\AndroidManifest.xml:45:17-77
71-->src\main\AndroidManifest.xml:45:27-74
72            </intent-filter>
73            <intent-filter>
73-->src\main\AndroidManifest.xml:48:13-52:29
74                <action android:name="android.intent.action.SEND_MULTIPLE" />
74-->src\main\AndroidManifest.xml:49:17-78
74-->src\main\AndroidManifest.xml:49:25-75
75
76                <category android:name="android.intent.category.DEFAULT" />
76-->src\main\AndroidManifest.xml:50:17-76
76-->src\main\AndroidManifest.xml:50:27-73
77
78                <data android:mimeType="image/*" />
78-->src\main\AndroidManifest.xml:51:17-52
78-->src\main\AndroidManifest.xml:51:23-49
79            </intent-filter>
80            <intent-filter>
80-->src\main\AndroidManifest.xml:54:13-58:29
81                <action android:name="android.intent.action.SEND" />
81-->src\main\AndroidManifest.xml:55:17-69
81-->src\main\AndroidManifest.xml:55:25-66
82
83                <category android:name="android.intent.category.DEFAULT" />
83-->src\main\AndroidManifest.xml:50:17-76
83-->src\main\AndroidManifest.xml:50:27-73
84
85                <data android:mimeType="image/*" />
85-->src\main\AndroidManifest.xml:51:17-52
85-->src\main\AndroidManifest.xml:51:23-49
86            </intent-filter>
87
88            <meta-data
88-->src\main\AndroidManifest.xml:60:13-62:53
89                android:name="android.app.shortcuts"
89-->src\main\AndroidManifest.xml:61:17-53
90                android:resource="@xml/shortcuts" />
90-->src\main\AndroidManifest.xml:62:17-50
91        </activity>
92        <activity android:name="pdf.pdftool.activity.CropImageActivity" />
92-->src\main\AndroidManifest.xml:64:9-75
92-->src\main\AndroidManifest.xml:64:19-72
93
94        <provider
94-->src\main\AndroidManifest.xml:66:9-74:20
95            android:name="androidx.core.content.FileProvider"
95-->src\main\AndroidManifest.xml:67:13-62
96            android:authorities="com.pdf.pdftool"
96-->src\main\AndroidManifest.xml:68:13-50
97            android:exported="false"
97-->src\main\AndroidManifest.xml:69:13-37
98            android:grantUriPermissions="true" >
98-->src\main\AndroidManifest.xml:70:13-47
99            <meta-data
99-->src\main\AndroidManifest.xml:71:13-73:58
100                android:name="android.support.FILE_PROVIDER_PATHS"
100-->src\main\AndroidManifest.xml:72:17-67
101                android:resource="@xml/provider_paths" />
101-->src\main\AndroidManifest.xml:73:17-55
102        </provider>
103
104        <activity android:name="pdf.pdftool.activity.WelcomeActivity" />
104-->src\main\AndroidManifest.xml:76:9-73
104-->src\main\AndroidManifest.xml:76:19-70
105        <activity android:name="pdf.pdftool.activity.ImageEditor" />
105-->src\main\AndroidManifest.xml:77:9-69
105-->src\main\AndroidManifest.xml:77:19-66
106        <activity android:name="pdf.pdftool.activity.PreviewActivity" />
106-->src\main\AndroidManifest.xml:78:9-73
106-->src\main\AndroidManifest.xml:78:19-70
107        <activity android:name="pdf.pdftool.activity.RearrangeImages" />
107-->src\main\AndroidManifest.xml:79:9-73
107-->src\main\AndroidManifest.xml:79:19-70
108        <activity android:name="pdf.pdftool.activity.ImagesPreviewActivity" />
108-->src\main\AndroidManifest.xml:80:9-79
108-->src\main\AndroidManifest.xml:80:19-76
109        <activity android:name="pdf.pdftool.activity.RearrangePdfPages" />
109-->src\main\AndroidManifest.xml:81:9-75
109-->src\main\AndroidManifest.xml:81:19-72
110        <activity android:name="pdf.pdftool.activity.FavouritesActivity" />
110-->src\main\AndroidManifest.xml:82:9-75
110-->src\main\AndroidManifest.xml:82:19-73
111        <activity android:name="com.zhihu.matisse.ui.MatisseActivity" />
111-->[com.zhihu.android:matisse:0.5.3-beta3] AndroidManifest.xml:28:9-73
111-->[com.zhihu.android:matisse:0.5.3-beta3] AndroidManifest.xml:28:19-70
112        <activity android:name="com.zhihu.matisse.internal.ui.AlbumPreviewActivity" />
112-->[com.zhihu.android:matisse:0.5.3-beta3] AndroidManifest.xml:29:9-87
112-->[com.zhihu.android:matisse:0.5.3-beta3] AndroidManifest.xml:29:19-84
113        <activity android:name="com.zhihu.matisse.internal.ui.SelectedPreviewActivity" />
113-->[com.zhihu.android:matisse:0.5.3-beta3] AndroidManifest.xml:30:9-90
113-->[com.zhihu.android:matisse:0.5.3-beta3] AndroidManifest.xml:30:19-87
114        <activity
114-->[com.journeyapps:zxing-android-embedded:3.4.0] AndroidManifest.xml:46:9-52:63
115            android:name="com.journeyapps.barcodescanner.CaptureActivity"
115-->[com.journeyapps:zxing-android-embedded:3.4.0] AndroidManifest.xml:47:13-74
116            android:clearTaskOnLaunch="true"
116-->[com.journeyapps:zxing-android-embedded:3.4.0] AndroidManifest.xml:48:13-45
117            android:screenOrientation="sensorLandscape"
117-->[com.journeyapps:zxing-android-embedded:3.4.0] AndroidManifest.xml:49:13-56
118            android:stateNotNeeded="true"
118-->[com.journeyapps:zxing-android-embedded:3.4.0] AndroidManifest.xml:50:13-42
119            android:theme="@style/zxing_CaptureTheme"
119-->[com.journeyapps:zxing-android-embedded:3.4.0] AndroidManifest.xml:51:13-54
120            android:windowSoftInputMode="stateAlwaysHidden" />
120-->[com.journeyapps:zxing-android-embedded:3.4.0] AndroidManifest.xml:52:13-60
121        <activity
121-->[com.facebook.android:audience-network-sdk:5.11.0] AndroidManifest.xml:15:9-19:75
122            android:name="com.facebook.ads.AudienceNetworkActivity"
122-->[com.facebook.android:audience-network-sdk:5.11.0] AndroidManifest.xml:16:13-68
123            android:configChanges="keyboardHidden|orientation|screenSize"
123-->[com.facebook.android:audience-network-sdk:5.11.0] AndroidManifest.xml:17:13-74
124            android:exported="false"
124-->[com.facebook.android:audience-network-sdk:5.11.0] AndroidManifest.xml:18:13-37
125            android:theme="@android:style/Theme.Translucent.NoTitleBar" />
125-->[com.facebook.android:audience-network-sdk:5.11.0] AndroidManifest.xml:19:13-72
126
127        <provider
127-->[com.facebook.android:audience-network-sdk:5.11.0] AndroidManifest.xml:21:9-24:40
128            android:name="com.facebook.ads.AudienceNetworkContentProvider"
128-->[com.facebook.android:audience-network-sdk:5.11.0] AndroidManifest.xml:22:13-75
129            android:authorities="pdf.pdftool.AudienceNetworkContentProvider"
129-->[com.facebook.android:audience-network-sdk:5.11.0] AndroidManifest.xml:23:13-82
130            android:exported="false" /> <!-- Include the AdActivity and InAppPurchaseActivity configChanges and themes. -->
130-->[com.facebook.android:audience-network-sdk:5.11.0] AndroidManifest.xml:24:13-37
131        <activity
131-->[com.google.android.gms:play-services-ads-lite:19.4.0] AndroidManifest.xml:29:9-33:64
132            android:name="com.google.android.gms.ads.AdActivity"
132-->[com.google.android.gms:play-services-ads-lite:19.4.0] AndroidManifest.xml:30:13-65
133            android:configChanges="keyboard|keyboardHidden|orientation|screenLayout|uiMode|screenSize|smallestScreenSize"
133-->[com.google.android.gms:play-services-ads-lite:19.4.0] AndroidManifest.xml:31:13-122
134            android:exported="false"
134-->[com.google.android.gms:play-services-ads-lite:19.4.0] AndroidManifest.xml:32:13-37
135            android:theme="@android:style/Theme.Translucent" />
135-->[com.google.android.gms:play-services-ads-lite:19.4.0] AndroidManifest.xml:33:13-61
136
137        <provider
137-->[com.google.android.gms:play-services-ads-lite:19.4.0] AndroidManifest.xml:35:9-39:39
138            android:name="com.google.android.gms.ads.MobileAdsInitProvider"
138-->[com.google.android.gms:play-services-ads-lite:19.4.0] AndroidManifest.xml:36:13-76
139            android:authorities="pdf.pdftool.mobileadsinitprovider"
139-->[com.google.android.gms:play-services-ads-lite:19.4.0] AndroidManifest.xml:37:13-73
140            android:exported="false"
140-->[com.google.android.gms:play-services-ads-lite:19.4.0] AndroidManifest.xml:38:13-37
141            android:initOrder="100" />
141-->[com.google.android.gms:play-services-ads-lite:19.4.0] AndroidManifest.xml:39:13-36
142
143        <service
143-->[com.google.android.gms:play-services-ads-lite:19.4.0] AndroidManifest.xml:41:9-44:40
144            android:name="com.google.android.gms.ads.AdService"
144-->[com.google.android.gms:play-services-ads-lite:19.4.0] AndroidManifest.xml:42:13-64
145            android:enabled="true"
145-->[com.google.android.gms:play-services-ads-lite:19.4.0] AndroidManifest.xml:43:13-35
146            android:exported="false" />
146-->[com.google.android.gms:play-services-ads-lite:19.4.0] AndroidManifest.xml:44:13-37
147
148        <meta-data
148-->[com.google.android.gms:play-services-basement:17.3.0] AndroidManifest.xml:23:9-25:69
149            android:name="com.google.android.gms.version"
149-->[com.google.android.gms:play-services-basement:17.3.0] AndroidManifest.xml:24:13-58
150            android:value="@integer/google_play_services_version" />
150-->[com.google.android.gms:play-services-basement:17.3.0] AndroidManifest.xml:25:13-66
151
152        <activity
152-->[lib.kashif:folderpicker:2.4] AndroidManifest.xml:15:9-17:52
153            android:name="lib.folderpicker.FolderPicker"
153-->[lib.kashif:folderpicker:2.4] AndroidManifest.xml:16:13-57
154            android:screenOrientation="portrait" />
154-->[lib.kashif:folderpicker:2.4] AndroidManifest.xml:17:13-49
155    </application>
156
157</manifest>